<?xml version="1.0"?>
<!DOCTYPE coverage SYSTEM "http://cobertura.sourceforge.net/xml/coverage-04.dtd">

<coverage line-rate="0.7345529858474283" branch-rate="0.6328947368421053" lines-covered="2128" lines-valid="2897" branches-covered="481" branches-valid="760" complexity="2.405099150141643" version="2.0.3" timestamp="1502283766503">
	<sources>
		<source>/home/travis/build/plt-tud/r43ples/target/generated-sources/annotations</source>
		<source>--source</source>
		<source>/home/travis/build/plt-tud/r43ples/src/main/java</source>
	</sources>
	<packages>
		<package name="de.tud.plt.r43ples.dataset" line-rate="0.990521327014218" branch-rate="1.0" complexity="1.0">
			<classes>
				<class name="de.tud.plt.r43ples.dataset.DataSetGenerationResult" filename="de/tud/plt/r43ples/dataset/DataSetGenerationResult.java" line-rate="1.0" branch-rate="1.0" complexity="0.0">
					<methods>
						<method name="&lt;init&gt;" signature="()V" line-rate="1.0" branch-rate="1.0">
							<lines>
								<line number="5" hits="32" branch="false"/>
								<line number="8" hits="32" branch="false"/>
							</lines>
						</method>
					</methods>
					<lines>
						<line number="5" hits="32" branch="false"/>
						<line number="8" hits="32" branch="false"/>
					</lines>
				</class>
				<class name="de.tud.plt.r43ples.dataset.DatasetGenerationManagement" filename="de/tud/plt/r43ples/dataset/DatasetGenerationManagement.java" line-rate="0.9473684210526315" branch-rate="1.0" complexity="1.0">
					<methods>
						<method name="&lt;clinit&gt;" signature="()V" line-rate="1.0" branch-rate="1.0">
							<lines>
								<line number="19" hits="1" branch="false"/>
								<line number="21" hits="1" branch="false"/>
							</lines>
						</method>
						<method name="&lt;init&gt;" signature="()V" line-rate="0.0" branch-rate="1.0">
							<lines>
								<line number="16" hits="0" branch="false"/>
							</lines>
						</method>
						<method name="createNewBranch" signature="(Ljava/lang/String;Ljava/lang/String;Ljava/lang/String;Ljava/lang/String;Ljava/lang/String;)V" line-rate="1.0" branch-rate="1.0">
							<lines>
								<line number="37" hits="74" branch="false"/>
								<line number="41" hits="74" branch="false"/>
								<line number="42" hits="74" branch="false"/>
								<line number="43" hits="74" branch="false"/>
							</lines>
						</method>
						<method name="executeDeleteQuery" signature="(Ljava/lang/String;Ljava/lang/String;Ljava/lang/String;Ljava/lang/String;Ljava/lang/String;)V" line-rate="1.0" branch-rate="1.0">
							<lines>
								<line number="82" hits="8" branch="false"/>
								<line number="90" hits="8" branch="false"/>
								<line number="91" hits="8" branch="false"/>
							</lines>
						</method>
						<method name="executeDeleteWhereQuery" signature="(Ljava/lang/String;Ljava/lang/String;Ljava/lang/String;Ljava/lang/String;Ljava/lang/String;)V" line-rate="1.0" branch-rate="1.0">
							<lines>
								<line number="105" hits="6" branch="false"/>
								<line number="118" hits="6" branch="false"/>
								<line number="119" hits="6" branch="false"/>
							</lines>
						</method>
						<method name="executeInsertDeleteQuery" signature="(Ljava/lang/String;Ljava/lang/String;Ljava/lang/String;Ljava/lang/String;Ljava/lang/String;Ljava/lang/String;)V" line-rate="1.0" branch-rate="1.0">
							<lines>
								<line number="134" hits="28" branch="false"/>
								<line number="147" hits="28" branch="false"/>
								<line number="148" hits="28" branch="false"/>
							</lines>
						</method>
						<method name="executeInsertQuery" signature="(Ljava/lang/String;Ljava/lang/String;Ljava/lang/String;Ljava/lang/String;Ljava/lang/String;)V" line-rate="1.0" branch-rate="1.0">
							<lines>
								<line number="59" hits="16" branch="false"/>
								<line number="67" hits="16" branch="false"/>
								<line number="68" hits="16" branch="false"/>
							</lines>
						</method>
					</methods>
					<lines>
						<line number="16" hits="0" branch="false"/>
						<line number="19" hits="1" branch="false"/>
						<line number="21" hits="1" branch="false"/>
						<line number="37" hits="74" branch="false"/>
						<line number="41" hits="74" branch="false"/>
						<line number="42" hits="74" branch="false"/>
						<line number="43" hits="74" branch="false"/>
						<line number="59" hits="16" branch="false"/>
						<line number="67" hits="16" branch="false"/>
						<line number="68" hits="16" branch="false"/>
						<line number="82" hits="8" branch="false"/>
						<line number="90" hits="8" branch="false"/>
						<line number="91" hits="8" branch="false"/>
						<line number="105" hits="6" branch="false"/>
						<line number="118" hits="6" branch="false"/>
						<line number="119" hits="6" branch="false"/>
						<line number="134" hits="28" branch="false"/>
						<line number="147" hits="28" branch="false"/>
						<line number="148" hits="28" branch="false"/>
					</lines>
				</class>
				<class name="de.tud.plt.r43ples.dataset.SampleDataSet" filename="de/tud/plt/r43ples/dataset/SampleDataSet.java" line-rate="0.9947368421052631" branch-rate="1.0" complexity="1.0">
					<methods>
						<method name="&lt;clinit&gt;" signature="()V" line-rate="1.0" branch-rate="1.0">
							<lines>
								<line number="22" hits="1" branch="false"/>
							</lines>
						</method>
						<method name="&lt;init&gt;" signature="()V" line-rate="0.0" branch-rate="1.0">
							<lines>
								<line number="19" hits="0" branch="false"/>
							</lines>
						</method>
						<method name="createSampleDataSetComplexStructure" signature="()Ljava/lang/String;" line-rate="1.0" branch-rate="1.0">
							<lines>
								<line number="462" hits="4" branch="false"/>
								<line number="464" hits="4" branch="false"/>
								<line number="467" hits="4" branch="false"/>
								<line number="468" hits="4" branch="false"/>
								<line number="471" hits="4" branch="false"/>
								<line number="474" hits="4" branch="false"/>
								<line number="477" hits="4" branch="false"/>
								<line number="480" hits="4" branch="false"/>
								<line number="483" hits="4" branch="false"/>
								<line number="485" hits="4" branch="false"/>
								<line number="486" hits="4" branch="false"/>
								<line number="489" hits="4" branch="false"/>
								<line number="490" hits="4" branch="false"/>
								<line number="491" hits="4" branch="false"/>
								<line number="494" hits="4" branch="false"/>
								<line number="497" hits="4" branch="false"/>
								<line number="498" hits="4" branch="false"/>
								<line number="501" hits="4" branch="false"/>
								<line number="502" hits="4" branch="false"/>
								<line number="505" hits="4" branch="false"/>
								<line number="506" hits="4" branch="false"/>
								<line number="509" hits="4" branch="false"/>
								<line number="511" hits="4" branch="false"/>
								<line number="512" hits="4" branch="false"/>
								<line number="515" hits="4" branch="false"/>
								<line number="516" hits="4" branch="false"/>
								<line number="519" hits="4" branch="false"/>
								<line number="522" hits="4" branch="false"/>
								<line number="523" hits="4" branch="false"/>
								<line number="524" hits="4" branch="false"/>
								<line number="527" hits="4" branch="false"/>
								<line number="528" hits="4" branch="false"/>
								<line number="529" hits="4" branch="false"/>
								<line number="532" hits="4" branch="false"/>
								<line number="534" hits="4" branch="false"/>
								<line number="535" hits="4" branch="false"/>
								<line number="539" hits="4" branch="false"/>
								<line number="540" hits="4" branch="false"/>
								<line number="543" hits="4" branch="false"/>
								<line number="545" hits="4" branch="false"/>
								<line number="546" hits="4" branch="false"/>
								<line number="549" hits="4" branch="false"/>
								<line number="552" hits="4" branch="false"/>
								<line number="553" hits="4" branch="false"/>
								<line number="555" hits="4" branch="false"/>
								<line number="556" hits="4" branch="false"/>
							</lines>
						</method>
						<method name="createSampleDataSetMerging" signature="()Lde/tud/plt/r43ples/dataset/DataSetGenerationResult;" line-rate="1.0" branch-rate="1.0">
							<lines>
								<line number="168" hits="15" branch="false"/>
								<line number="169" hits="15" branch="false"/>
								<line number="170" hits="15" branch="false"/>
								<line number="172" hits="15" branch="false"/>
								<line number="175" hits="15" branch="false"/>
								<line number="177" hits="15" branch="false"/>
								<line number="178" hits="15" branch="false"/>
								<line number="181" hits="15" branch="false"/>
								<line number="184" hits="15" branch="false"/>
								<line number="185" hits="15" branch="false"/>
								<line number="188" hits="15" branch="false"/>
								<line number="191" hits="15" branch="false"/>
								<line number="194" hits="15" branch="false"/>
								<line number="196" hits="15" branch="false"/>
								<line number="197" hits="15" branch="false"/>
								<line number="198" hits="15" branch="false"/>
								<line number="202" hits="15" branch="false"/>
								<line number="204" hits="15" branch="false"/>
								<line number="205" hits="15" branch="false"/>
								<line number="206" hits="15" branch="false"/>
								<line number="209" hits="15" branch="false"/>
								<line number="210" hits="15" branch="false"/>
								<line number="211" hits="15" branch="false"/>
								<line number="212" hits="15" branch="false"/>
								<line number="216" hits="15" branch="false"/>
								<line number="217" hits="15" branch="false"/>
								<line number="218" hits="15" branch="false"/>
								<line number="221" hits="15" branch="false"/>
								<line number="222" hits="15" branch="false"/>
								<line number="223" hits="15" branch="false"/>
								<line number="225" hits="15" branch="false"/>
								<line number="226" hits="15" branch="false"/>
							</lines>
						</method>
						<method name="createSampleDataSetMergingClasses" signature="()Ljava/lang/String;" line-rate="1.0" branch-rate="1.0">
							<lines>
								<line number="312" hits="3" branch="false"/>
								<line number="314" hits="3" branch="false"/>
								<line number="317" hits="3" branch="false"/>
								<line number="320" hits="3" branch="false"/>
								<line number="323" hits="3" branch="false"/>
								<line number="325" hits="3" branch="false"/>
								<line number="328" hits="3" branch="false"/>
								<line number="331" hits="3" branch="false"/>
								<line number="334" hits="3" branch="false"/>
								<line number="337" hits="3" branch="false"/>
								<line number="351" hits="3" branch="false"/>
								<line number="354" hits="3" branch="false"/>
								<line number="358" hits="3" branch="false"/>
								<line number="361" hits="3" branch="false"/>
								<line number="364" hits="3" branch="false"/>
								<line number="365" hits="3" branch="false"/>
							</lines>
						</method>
						<method name="createSampleDataSetRebase" signature="()Ljava/lang/String;" line-rate="1.0" branch-rate="1.0">
							<lines>
								<line number="254" hits="7" branch="false"/>
								<line number="256" hits="7" branch="false"/>
								<line number="259" hits="7" branch="false"/>
								<line number="260" hits="7" branch="false"/>
								<line number="263" hits="7" branch="false"/>
								<line number="266" hits="7" branch="false"/>
								<line number="270" hits="7" branch="false"/>
								<line number="273" hits="7" branch="false"/>
								<line number="276" hits="7" branch="false"/>
								<line number="278" hits="7" branch="false"/>
								<line number="282" hits="7" branch="false"/>
								<line number="283" hits="7" branch="false"/>
								<line number="284" hits="7" branch="false"/>
								<line number="287" hits="7" branch="false"/>
								<line number="288" hits="7" branch="false"/>
								<line number="292" hits="7" branch="false"/>
								<line number="293" hits="7" branch="false"/>
								<line number="296" hits="7" branch="false"/>
								<line number="297" hits="7" branch="false"/>
								<line number="299" hits="7" branch="false"/>
								<line number="300" hits="7" branch="false"/>
							</lines>
						</method>
						<method name="createSampleDataSetRenaming" signature="()Ljava/lang/String;" line-rate="1.0" branch-rate="1.0">
							<lines>
								<line number="388" hits="3" branch="false"/>
								<line number="390" hits="3" branch="false"/>
								<line number="393" hits="3" branch="false"/>
								<line number="394" hits="3" branch="false"/>
								<line number="397" hits="3" branch="false"/>
								<line number="400" hits="3" branch="false"/>
								<line number="403" hits="3" branch="false"/>
								<line number="406" hits="3" branch="false"/>
								<line number="409" hits="3" branch="false"/>
								<line number="411" hits="3" branch="false"/>
								<line number="412" hits="3" branch="false"/>
								<line number="415" hits="3" branch="false"/>
								<line number="417" hits="3" branch="false"/>
								<line number="418" hits="3" branch="false"/>
								<line number="421" hits="3" branch="false"/>
								<line number="422" hits="3" branch="false"/>
								<line number="423" hits="3" branch="false"/>
								<line number="426" hits="3" branch="false"/>
								<line number="427" hits="3" branch="false"/>
								<line number="428" hits="3" branch="false"/>
								<line number="430" hits="3" branch="false"/>
							</lines>
						</method>
						<method name="createSampleDataset1" signature="()Lde/tud/plt/r43ples/dataset/DataSetGenerationResult;" line-rate="1.0" branch-rate="1.0">
							<lines>
								<line number="28" hits="10" branch="false"/>
								<line number="29" hits="10" branch="false"/>
								<line number="30" hits="10" branch="false"/>
								<line number="31" hits="10" branch="false"/>
								<line number="32" hits="10" branch="false"/>
								<line number="33" hits="10" branch="false"/>
								<line number="34" hits="10" branch="false"/>
								<line number="36" hits="10" branch="false"/>
								<line number="41" hits="10" branch="false"/>
								<line number="43" hits="10" branch="false"/>
								<line number="48" hits="10" branch="false"/>
								<line number="50" hits="10" branch="false"/>
								<line number="55" hits="10" branch="false"/>
								<line number="57" hits="10" branch="false"/>
								<line number="62" hits="10" branch="false"/>
								<line number="64" hits="10" branch="false"/>
								<line number="69" hits="10" branch="false"/>
								<line number="70" hits="10" branch="false"/>
							</lines>
						</method>
						<method name="createSampleDataset2" signature="()Lde/tud/plt/r43ples/dataset/DataSetGenerationResult;" line-rate="1.0" branch-rate="1.0">
							<lines>
								<line number="74" hits="5" branch="false"/>
								<line number="75" hits="5" branch="false"/>
								<line number="76" hits="5" branch="false"/>
								<line number="77" hits="5" branch="false"/>
								<line number="78" hits="5" branch="false"/>
								<line number="79" hits="5" branch="false"/>
								<line number="80" hits="5" branch="false"/>
								<line number="82" hits="5" branch="false"/>
								<line number="86" hits="5" branch="false"/>
								<line number="87" hits="5" branch="false"/>
								<line number="91" hits="5" branch="false"/>
								<line number="92" hits="5" branch="false"/>
							</lines>
						</method>
						<method name="createSampleDataset3" signature="()Lde/tud/plt/r43ples/dataset/DataSetGenerationResult;" line-rate="1.0" branch-rate="1.0">
							<lines>
								<line number="96" hits="2" branch="false"/>
								<line number="97" hits="2" branch="false"/>
								<line number="98" hits="2" branch="false"/>
								<line number="99" hits="2" branch="false"/>
								<line number="100" hits="2" branch="false"/>
								<line number="101" hits="2" branch="false"/>
								<line number="102" hits="2" branch="false"/>
								<line number="105" hits="2" branch="false"/>
								<line number="110" hits="2" branch="false"/>
								<line number="112" hits="2" branch="false"/>
								<line number="114" hits="2" branch="false"/>
								<line number="119" hits="2" branch="false"/>
								<line number="121" hits="2" branch="false"/>
								<line number="126" hits="2" branch="false"/>
								<line number="128" hits="2" branch="false"/>
								<line number="133" hits="2" branch="false"/>
								<line number="134" hits="2" branch="false"/>
								<line number="135" hits="2" branch="false"/>
								<line number="136" hits="2" branch="false"/>
								<line number="137" hits="2" branch="false"/>
								<line number="142" hits="2" branch="false"/>
								<line number="143" hits="2" branch="false"/>
							</lines>
						</method>
					</methods>
					<lines>
						<line number="19" hits="0" branch="false"/>
						<line number="22" hits="1" branch="false"/>
						<line number="28" hits="10" branch="false"/>
						<line number="29" hits="10" branch="false"/>
						<line number="30" hits="10" branch="false"/>
						<line number="31" hits="10" branch="false"/>
						<line number="32" hits="10" branch="false"/>
						<line number="33" hits="10" branch="false"/>
						<line number="34" hits="10" branch="false"/>
						<line number="36" hits="10" branch="false"/>
						<line number="41" hits="10" branch="false"/>
						<line number="43" hits="10" branch="false"/>
						<line number="48" hits="10" branch="false"/>
						<line number="50" hits="10" branch="false"/>
						<line number="55" hits="10" branch="false"/>
						<line number="57" hits="10" branch="false"/>
						<line number="62" hits="10" branch="false"/>
						<line number="64" hits="10" branch="false"/>
						<line number="69" hits="10" branch="false"/>
						<line number="70" hits="10" branch="false"/>
						<line number="74" hits="5" branch="false"/>
						<line number="75" hits="5" branch="false"/>
						<line number="76" hits="5" branch="false"/>
						<line number="77" hits="5" branch="false"/>
						<line number="78" hits="5" branch="false"/>
						<line number="79" hits="5" branch="false"/>
						<line number="80" hits="5" branch="false"/>
						<line number="82" hits="5" branch="false"/>
						<line number="86" hits="5" branch="false"/>
						<line number="87" hits="5" branch="false"/>
						<line number="91" hits="5" branch="false"/>
						<line number="92" hits="5" branch="false"/>
						<line number="96" hits="2" branch="false"/>
						<line number="97" hits="2" branch="false"/>
						<line number="98" hits="2" branch="false"/>
						<line number="99" hits="2" branch="false"/>
						<line number="100" hits="2" branch="false"/>
						<line number="101" hits="2" branch="false"/>
						<line number="102" hits="2" branch="false"/>
						<line number="105" hits="2" branch="false"/>
						<line number="110" hits="2" branch="false"/>
						<line number="112" hits="2" branch="false"/>
						<line number="114" hits="2" branch="false"/>
						<line number="119" hits="2" branch="false"/>
						<line number="121" hits="2" branch="false"/>
						<line number="126" hits="2" branch="false"/>
						<line number="128" hits="2" branch="false"/>
						<line number="133" hits="2" branch="false"/>
						<line number="134" hits="2" branch="false"/>
						<line number="135" hits="2" branch="false"/>
						<line number="136" hits="2" branch="false"/>
						<line number="137" hits="2" branch="false"/>
						<line number="142" hits="2" branch="false"/>
						<line number="143" hits="2" branch="false"/>
						<line number="168" hits="15" branch="false"/>
						<line number="169" hits="15" branch="false"/>
						<line number="170" hits="15" branch="false"/>
						<line number="172" hits="15" branch="false"/>
						<line number="175" hits="15" branch="false"/>
						<line number="177" hits="15" branch="false"/>
						<line number="178" hits="15" branch="false"/>
						<line number="181" hits="15" branch="false"/>
						<line number="184" hits="15" branch="false"/>
						<line number="185" hits="15" branch="false"/>
						<line number="188" hits="15" branch="false"/>
						<line number="191" hits="15" branch="false"/>
						<line number="194" hits="15" branch="false"/>
						<line number="196" hits="15" branch="false"/>
						<line number="197" hits="15" branch="false"/>
						<line number="198" hits="15" branch="false"/>
						<line number="202" hits="15" branch="false"/>
						<line number="204" hits="15" branch="false"/>
						<line number="205" hits="15" branch="false"/>
						<line number="206" hits="15" branch="false"/>
						<line number="209" hits="15" branch="false"/>
						<line number="210" hits="15" branch="false"/>
						<line number="211" hits="15" branch="false"/>
						<line number="212" hits="15" branch="false"/>
						<line number="216" hits="15" branch="false"/>
						<line number="217" hits="15" branch="false"/>
						<line number="218" hits="15" branch="false"/>
						<line number="221" hits="15" branch="false"/>
						<line number="222" hits="15" branch="false"/>
						<line number="223" hits="15" branch="false"/>
						<line number="225" hits="15" branch="false"/>
						<line number="226" hits="15" branch="false"/>
						<line number="254" hits="7" branch="false"/>
						<line number="256" hits="7" branch="false"/>
						<line number="259" hits="7" branch="false"/>
						<line number="260" hits="7" branch="false"/>
						<line number="263" hits="7" branch="false"/>
						<line number="266" hits="7" branch="false"/>
						<line number="270" hits="7" branch="false"/>
						<line number="273" hits="7" branch="false"/>
						<line number="276" hits="7" branch="false"/>
						<line number="278" hits="7" branch="false"/>
						<line number="282" hits="7" branch="false"/>
						<line number="283" hits="7" branch="false"/>
						<line number="284" hits="7" branch="false"/>
						<line number="287" hits="7" branch="false"/>
						<line number="288" hits="7" branch="false"/>
						<line number="292" hits="7" branch="false"/>
						<line number="293" hits="7" branch="false"/>
						<line number="296" hits="7" branch="false"/>
						<line number="297" hits="7" branch="false"/>
						<line number="299" hits="7" branch="false"/>
						<line number="300" hits="7" branch="false"/>
						<line number="312" hits="3" branch="false"/>
						<line number="314" hits="3" branch="false"/>
						<line number="317" hits="3" branch="false"/>
						<line number="320" hits="3" branch="false"/>
						<line number="323" hits="3" branch="false"/>
						<line number="325" hits="3" branch="false"/>
						<line number="328" hits="3" branch="false"/>
						<line number="331" hits="3" branch="false"/>
						<line number="334" hits="3" branch="false"/>
						<line number="337" hits="3" branch="false"/>
						<line number="351" hits="3" branch="false"/>
						<line number="354" hits="3" branch="false"/>
						<line number="358" hits="3" branch="false"/>
						<line number="361" hits="3" branch="false"/>
						<line number="364" hits="3" branch="false"/>
						<line number="365" hits="3" branch="false"/>
						<line number="388" hits="3" branch="false"/>
						<line number="390" hits="3" branch="false"/>
						<line number="393" hits="3" branch="false"/>
						<line number="394" hits="3" branch="false"/>
						<line number="397" hits="3" branch="false"/>
						<line number="400" hits="3" branch="false"/>
						<line number="403" hits="3" branch="false"/>
						<line number="406" hits="3" branch="false"/>
						<line number="409" hits="3" branch="false"/>
						<line number="411" hits="3" branch="false"/>
						<line number="412" hits="3" branch="false"/>
						<line number="415" hits="3" branch="false"/>
						<line number="417" hits="3" branch="false"/>
						<line number="418" hits="3" branch="false"/>
						<line number="421" hits="3" branch="false"/>
						<line number="422" hits="3" branch="false"/>
						<line number="423" hits="3" branch="false"/>
						<line number="426" hits="3" branch="false"/>
						<line number="427" hits="3" branch="false"/>
						<line number="428" hits="3" branch="false"/>
						<line number="430" hits="3" branch="false"/>
						<line number="462" hits="4" branch="false"/>
						<line number="464" hits="4" branch="false"/>
						<line number="467" hits="4" branch="false"/>
						<line number="468" hits="4" branch="false"/>
						<line number="471" hits="4" branch="false"/>
						<line number="474" hits="4" branch="false"/>
						<line number="477" hits="4" branch="false"/>
						<line number="480" hits="4" branch="false"/>
						<line number="483" hits="4" branch="false"/>
						<line number="485" hits="4" branch="false"/>
						<line number="486" hits="4" branch="false"/>
						<line number="489" hits="4" branch="false"/>
						<line number="490" hits="4" branch="false"/>
						<line number="491" hits="4" branch="false"/>
						<line number="494" hits="4" branch="false"/>
						<line number="497" hits="4" branch="false"/>
						<line number="498" hits="4" branch="false"/>
						<line number="501" hits="4" branch="false"/>
						<line number="502" hits="4" branch="false"/>
						<line number="505" hits="4" branch="false"/>
						<line number="506" hits="4" branch="false"/>
						<line number="509" hits="4" branch="false"/>
						<line number="511" hits="4" branch="false"/>
						<line number="512" hits="4" branch="false"/>
						<line number="515" hits="4" branch="false"/>
						<line number="516" hits="4" branch="false"/>
						<line number="519" hits="4" branch="false"/>
						<line number="522" hits="4" branch="false"/>
						<line number="523" hits="4" branch="false"/>
						<line number="524" hits="4" branch="false"/>
						<line number="527" hits="4" branch="false"/>
						<line number="528" hits="4" branch="false"/>
						<line number="529" hits="4" branch="false"/>
						<line number="532" hits="4" branch="false"/>
						<line number="534" hits="4" branch="false"/>
						<line number="535" hits="4" branch="false"/>
						<line number="539" hits="4" branch="false"/>
						<line number="540" hits="4" branch="false"/>
						<line number="543" hits="4" branch="false"/>
						<line number="545" hits="4" branch="false"/>
						<line number="546" hits="4" branch="false"/>
						<line number="549" hits="4" branch="false"/>
						<line number="552" hits="4" branch="false"/>
						<line number="553" hits="4" branch="false"/>
						<line number="555" hits="4" branch="false"/>
						<line number="556" hits="4" branch="false"/>
					</lines>
				</class>
			</classes>
		</package>
		<package name="de.tud.plt.r43ples.exception" line-rate="0.5" branch-rate="1.0" complexity="1.0">
			<classes>
				<class name="de.tud.plt.r43ples.exception.IdentifierAlreadyExistsException" filename="de/tud/plt/r43ples/exception/IdentifierAlreadyExistsException.java" line-rate="0.0" branch-rate="1.0" complexity="1.0">
					<methods>
						<method name="&lt;init&gt;" signature="(Ljava/lang/String;)V" line-rate="0.0" branch-rate="1.0">
							<lines>
								<line number="18" hits="0" branch="false"/>
								<line number="19" hits="0" branch="false"/>
							</lines>
						</method>
					</methods>
					<lines>
						<line number="18" hits="0" branch="false"/>
						<line number="19" hits="0" branch="false"/>
					</lines>
				</class>
				<class name="de.tud.plt.r43ples.exception.InternalErrorException" filename="de/tud/plt/r43ples/exception/InternalErrorException.java" line-rate="1.0" branch-rate="1.0" complexity="1.0">
					<methods>
						<method name="&lt;clinit&gt;" signature="()V" line-rate="1.0" branch-rate="1.0">
							<lines>
								<line number="15" hits="1" branch="false"/>
							</lines>
						</method>
						<method name="&lt;init&gt;" signature="(Ljava/lang/String;)V" line-rate="1.0" branch-rate="1.0">
							<lines>
								<line number="25" hits="2" branch="false"/>
								<line number="26" hits="2" branch="false"/>
								<line number="27" hits="2" branch="false"/>
							</lines>
						</method>
					</methods>
					<lines>
						<line number="15" hits="1" branch="false"/>
						<line number="25" hits="2" branch="false"/>
						<line number="26" hits="2" branch="false"/>
						<line number="27" hits="2" branch="false"/>
					</lines>
				</class>
				<class name="de.tud.plt.r43ples.exception.QueryErrorException" filename="de/tud/plt/r43ples/exception/QueryErrorException.java" line-rate="0.0" branch-rate="1.0" complexity="1.0">
					<methods>
						<method name="&lt;init&gt;" signature="(Ljava/lang/String;)V" line-rate="0.0" branch-rate="1.0">
							<lines>
								<line number="18" hits="0" branch="false"/>
								<line number="19" hits="0" branch="false"/>
							</lines>
						</method>
					</methods>
					<lines>
						<line number="18" hits="0" branch="false"/>
						<line number="19" hits="0" branch="false"/>
					</lines>
				</class>
			</classes>
		</package>
		<package name="de.tud.plt.r43ples.management" line-rate="0.8590308370044053" branch-rate="0.7093023255813954" complexity="3.067415730337079">
			<classes>
				<class name="de.tud.plt.r43ples.management.Config" filename="de/tud/plt/r43ples/management/Config.java" line-rate="0.972972972972973" branch-rate="1.0" complexity="2.5">
					<methods>
						<method name="&lt;clinit&gt;" signature="()V" line-rate="1.0" branch-rate="1.0">
							<lines>
								<line number="54" hits="1" branch="false"/>
								<line number="58" hits="1" branch="false"/>
							</lines>
						</method>
						<method name="&lt;init&gt;" signature="()V" line-rate="0.0" branch-rate="1.0">
							<lines>
								<line number="20" hits="0" branch="false"/>
							</lines>
						</method>
						<method name="getUserDefinedSparqlPrefixes" signature="()Ljava/lang/String;" line-rate="1.0" branch-rate="1.0">
							<lines>
								<line number="104" hits="65" branch="false"/>
								<line number="105" hits="65" branch="false"/>
								<line number="106" hits="65" branch="false"/>
								<line number="107" hits="195" branch="true" condition-coverage="100% (2/2)">
									<conditions>
										<condition number="0" type="jump" coverage="100%"/>
									</conditions>
								</line>
								<line number="108" hits="130" branch="false"/>
								<line number="109" hits="130" branch="false"/>
								<line number="110" hits="130" branch="false"/>
								<line number="111" hits="130" branch="false"/>
								<line number="112" hits="65" branch="false"/>
							</lines>
						</method>
						<method name="readConfig" signature="(Ljava/lang/String;)V" line-rate="1.0" branch-rate="1.0">
							<lines>
								<line number="70" hits="17" branch="false"/>
								<line number="72" hits="16" branch="false"/>
								<line number="73" hits="16" branch="false"/>
								<line number="74" hits="16" branch="false"/>
								<line number="75" hits="16" branch="false"/>
								<line number="77" hits="16" branch="false"/>
								<line number="78" hits="16" branch="false"/>
								<line number="79" hits="16" branch="false"/>
								<line number="81" hits="16" branch="false"/>
								<line number="82" hits="16" branch="false"/>
								<line number="84" hits="16" branch="false"/>
								<line number="86" hits="16" branch="false"/>
								<line number="87" hits="16" branch="false"/>
								<line number="89" hits="16" branch="false"/>
								<line number="90" hits="46" branch="true" condition-coverage="100% (2/2)">
									<conditions>
										<condition number="0" type="jump" coverage="100%"/>
									</conditions>
								</line>
								<line number="91" hits="30" branch="false"/>
								<line number="92" hits="30" branch="false"/>
								<line number="93" hits="30" branch="false"/>
								<line number="94" hits="30" branch="false"/>
								<line number="95" hits="30" branch="false"/>
								<line number="97" hits="1" branch="false"/>
								<line number="98" hits="1" branch="false"/>
								<line number="99" hits="1" branch="false"/>
								<line number="100" hits="16" branch="false"/>
								<line number="101" hits="17" branch="false"/>
							</lines>
						</method>
					</methods>
					<lines>
						<line number="20" hits="0" branch="false"/>
						<line number="54" hits="1" branch="false"/>
						<line number="58" hits="1" branch="false"/>
						<line number="70" hits="17" branch="false"/>
						<line number="72" hits="16" branch="false"/>
						<line number="73" hits="16" branch="false"/>
						<line number="74" hits="16" branch="false"/>
						<line number="75" hits="16" branch="false"/>
						<line number="77" hits="16" branch="false"/>
						<line number="78" hits="16" branch="false"/>
						<line number="79" hits="16" branch="false"/>
						<line number="81" hits="16" branch="false"/>
						<line number="82" hits="16" branch="false"/>
						<line number="84" hits="16" branch="false"/>
						<line number="86" hits="16" branch="false"/>
						<line number="87" hits="16" branch="false"/>
						<line number="89" hits="16" branch="false"/>
						<line number="90" hits="46" branch="true" condition-coverage="100% (2/2)">
							<conditions>
								<condition number="0" type="jump" coverage="100%"/>
							</conditions>
						</line>
						<line number="91" hits="30" branch="false"/>
						<line number="92" hits="30" branch="false"/>
						<line number="93" hits="30" branch="false"/>
						<line number="94" hits="30" branch="false"/>
						<line number="95" hits="30" branch="false"/>
						<line number="97" hits="1" branch="false"/>
						<line number="98" hits="1" branch="false"/>
						<line number="99" hits="1" branch="false"/>
						<line number="100" hits="16" branch="false"/>
						<line number="101" hits="17" branch="false"/>
						<line number="104" hits="65" branch="false"/>
						<line number="105" hits="65" branch="false"/>
						<line number="106" hits="65" branch="false"/>
						<line number="107" hits="195" branch="true" condition-coverage="100% (2/2)">
							<conditions>
								<condition number="0" type="jump" coverage="100%"/>
							</conditions>
						</line>
						<line number="108" hits="130" branch="false"/>
						<line number="109" hits="130" branch="false"/>
						<line number="110" hits="130" branch="false"/>
						<line number="111" hits="130" branch="false"/>
						<line number="112" hits="65" branch="false"/>
					</lines>
				</class>
				<class name="de.tud.plt.r43ples.management.GitRepositoryState" filename="de/tud/plt/r43ples/management/GitRepositoryState.java" line-rate="0.875" branch-rate="0.5" complexity="2.0">
					<methods>
						<method name="&lt;clinit&gt;" signature="()V" line-rate="1.0" branch-rate="1.0">
							<lines>
								<line number="8" hits="1" branch="false"/>
							</lines>
						</method>
						<method name="&lt;init&gt;" signature="(Lorg/apache/commons/configuration/PropertiesConfiguration;)V" line-rate="1.0" branch-rate="1.0">
							<lines>
								<line number="17" hits="1" branch="false"/>
								<line number="18" hits="1" branch="false"/>
								<line number="19" hits="1" branch="false"/>
								<line number="20" hits="1" branch="false"/>
								<line number="21" hits="1" branch="false"/>
								<line number="22" hits="1" branch="false"/>
								<line number="23" hits="1" branch="false"/>
								<line number="24" hits="1" branch="false"/>
							</lines>
						</method>
						<method name="getGitRepositoryState" signature="()Lde/tud/plt/r43ples/management/GitRepositoryState;" line-rate="0.7142857142857143" branch-rate="0.5">
							<lines>
								<line number="28" hits="1" branch="true" condition-coverage="50% (1/2)">
									<conditions>
										<condition number="0" type="jump" coverage="50%"/>
									</conditions>
								</line>
								<line number="31" hits="1" branch="false"/>
								<line number="32" hits="1" branch="false"/>
								<line number="33" hits="0" branch="false"/>
								<line number="34" hits="0" branch="false"/>
								<line number="35" hits="1" branch="false"/>
								<line number="38" hits="1" branch="false"/>
							</lines>
						</method>
					</methods>
					<lines>
						<line number="8" hits="1" branch="false"/>
						<line number="17" hits="1" branch="false"/>
						<line number="18" hits="1" branch="false"/>
						<line number="19" hits="1" branch="false"/>
						<line number="20" hits="1" branch="false"/>
						<line number="21" hits="1" branch="false"/>
						<line number="22" hits="1" branch="false"/>
						<line number="23" hits="1" branch="false"/>
						<line number="24" hits="1" branch="false"/>
						<line number="28" hits="1" branch="true" condition-coverage="50% (1/2)">
							<conditions>
								<condition number="0" type="jump" coverage="50%"/>
							</conditions>
						</line>
						<line number="31" hits="1" branch="false"/>
						<line number="32" hits="1" branch="false"/>
						<line number="33" hits="0" branch="false"/>
						<line number="34" hits="0" branch="false"/>
						<line number="35" hits="1" branch="false"/>
						<line number="38" hits="1" branch="false"/>
					</lines>
				</class>
				<class name="de.tud.plt.r43ples.management.Interface" filename="de/tud/plt/r43ples/management/Interface.java" line-rate="0.7958333333333333" branch-rate="0.6491228070175439" complexity="8.1">
					<methods>
						<method name="&lt;clinit&gt;" signature="()V" line-rate="1.0" branch-rate="1.0">
							<lines>
								<line number="23" hits="1" branch="false"/>
							</lines>
						</method>
						<method name="&lt;init&gt;" signature="()V" line-rate="0.0" branch-rate="1.0">
							<lines>
								<line number="20" hits="0" branch="false"/>
							</lines>
						</method>
						<method name="getSelectConstructAskResponseClassic" signature="(Ljava/lang/String;Ljava/lang/String;)Ljava/lang/String;" line-rate="0.9523809523809523" branch-rate="0.875">
							<lines>
								<line number="59" hits="49" branch="false"/>
								<line number="63" hits="49" branch="false"/>
								<line number="65" hits="49" branch="false"/>
								<line number="66" hits="102" branch="true" condition-coverage="100% (2/2)">
									<conditions>
										<condition number="0" type="jump" coverage="100%"/>
									</conditions>
								</line>
								<line number="67" hits="53" branch="false"/>
								<line number="68" hits="53" branch="false"/>
								<line number="69" hits="53" branch="false"/>
								<line number="72" hits="53" branch="false"/>
								<line number="75" hits="53" branch="true" condition-coverage="50% (1/2)">
									<conditions>
										<condition number="0" type="jump" coverage="50%"/>
									</conditions>
								</line>
								<line number="76" hits="0" branch="false"/>
								<line number="78" hits="53" branch="true" condition-coverage="100% (2/2)">
									<conditions>
										<condition number="0" type="jump" coverage="100%"/>
									</conditions>
								</line>
								<line number="81" hits="10" branch="false"/>
								<line number="83" hits="43" branch="true" condition-coverage="100% (2/2)">
									<conditions>
										<condition number="0" type="jump" coverage="100%"/>
									</conditions>
								</line>
								<line number="84" hits="27" branch="false"/>
								<line number="88" hits="16" branch="false"/>
								<line number="89" hits="16" branch="false"/>
								<line number="93" hits="53" branch="false"/>
								<line number="94" hits="53" branch="false"/>
								<line number="96" hits="53" branch="false"/>
								<line number="97" hits="49" branch="false"/>
								<line number="99" hits="49" branch="false"/>
							</lines>
						</method>
						<method name="mergeFastForward" signature="(Lde/tud/plt/r43ples/management/R43plesMergeCommit;)Lde/tud/plt/r43ples/merging/MergeResult;" line-rate="1.0" branch-rate="0.5">
							<lines>
								<line number="299" hits="1" branch="false"/>
								<line number="300" hits="1" branch="false"/>
								<line number="301" hits="1" branch="true" condition-coverage="50% (1/2)">
									<conditions>
										<condition number="0" type="jump" coverage="50%"/>
									</conditions>
								</line>
								<line number="304" hits="1" branch="false"/>
							</lines>
						</method>
						<method name="mergeRebase" signature="(Lde/tud/plt/r43ples/management/R43plesMergeCommit;)Lde/tud/plt/r43ples/merging/MergeResult;" line-rate="0.8269230769230769" branch-rate="0.5454545454545454">
							<lines>
								<line number="431" hits="4" branch="false"/>
								<line number="432" hits="4" branch="false"/>
								<line number="433" hits="4" branch="false"/>
								<line number="434" hits="4" branch="false"/>
								<line number="436" hits="4" branch="false"/>
								<line number="438" hits="4" branch="false"/>
								<line number="439" hits="4" branch="false"/>
								<line number="442" hits="4" branch="false"/>
								<line number="445" hits="4" branch="false"/>
								<line number="449" hits="4" branch="false"/>
								<line number="452" hits="4" branch="false"/>
								<line number="455" hits="4" branch="false"/>
								<line number="456" hits="4" branch="false"/>
								<line number="457" hits="4" branch="false"/>
								<line number="458" hits="4" branch="false"/>
								<line number="459" hits="4" branch="false"/>
								<line number="461" hits="4" branch="false"/>
								<line number="468" hits="4" branch="false"/>
								<line number="471" hits="4" branch="true" condition-coverage="66% (4/6)">
									<conditions>
										<condition number="0" type="jump" coverage="100%"/>
										<condition number="1" type="jump" coverage="50%"/>
										<condition number="2" type="jump" coverage="50%"/>
									</conditions>
								</line>
								<line number="472" hits="1" branch="false"/>
								<line number="474" hits="1" branch="false"/>
								<line number="476" hits="1" branch="false"/>
								<line number="477" hits="1" branch="false"/>
								<line number="479" hits="1" branch="false"/>
								<line number="480" hits="1" branch="false"/>
								<line number="482" hits="1" branch="false"/>
								<line number="483" hits="1" branch="true" condition-coverage="16% (1/6)">
									<conditions>
										<condition number="0" type="jump" coverage="50%"/>
										<condition number="1" type="jump" coverage="0%"/>
										<condition number="2" type="jump" coverage="0%"/>
									</conditions>
								</line>
								<line number="484" hits="0" branch="false"/>
								<line number="486" hits="0" branch="false"/>
								<line number="488" hits="0" branch="false"/>
								<line number="489" hits="0" branch="false"/>
								<line number="491" hits="0" branch="false"/>
								<line number="492" hits="0" branch="false"/>
								<line number="494" hits="0" branch="false"/>
								<line number="495" hits="0" branch="true" condition-coverage="75% (3/4)">
									<conditions>
										<condition number="0" type="jump" coverage="50%"/>
										<condition number="1" type="jump" coverage="100%"/>
									</conditions>
								</line>
								<line number="496" hits="1" branch="false"/>
								<line number="498" hits="1" branch="false"/>
								<line number="500" hits="1" branch="false"/>
								<line number="501" hits="1" branch="false"/>
								<line number="503" hits="1" branch="false"/>
								<line number="504" hits="1" branch="false"/>
								<line number="507" hits="1" branch="false"/>
								<line number="508" hits="1" branch="true" condition-coverage="50% (2/4)">
									<conditions>
										<condition number="0" type="jump" coverage="50%"/>
										<condition number="1" type="jump" coverage="50%"/>
									</conditions>
								</line>
								<line number="509" hits="2" branch="false"/>
								<line number="511" hits="2" branch="false"/>
								<line number="514" hits="2" branch="true" condition-coverage="100% (2/2)">
									<conditions>
										<condition number="0" type="jump" coverage="100%"/>
									</conditions>
								</line>
								<line number="515" hits="1" branch="false"/>
								<line number="517" hits="1" branch="false"/>
								<line number="519" hits="2" branch="false"/>
								<line number="521" hits="2" branch="false"/>
								<line number="522" hits="0" branch="false"/>
								<line number="525" hits="4" branch="false"/>
							</lines>
						</method>
						<method name="mergeThreeWay" signature="(Lde/tud/plt/r43ples/management/R43plesMergeCommit;)Lde/tud/plt/r43ples/merging/MergeResult;" line-rate="0.8536585365853658" branch-rate="0.6333333333333333">
							<lines>
								<line number="324" hits="4" branch="false"/>
								<line number="325" hits="4" branch="false"/>
								<line number="326" hits="4" branch="false"/>
								<line number="327" hits="4" branch="false"/>
								<line number="329" hits="4" branch="false"/>
								<line number="331" hits="4" branch="true" condition-coverage="50% (1/2)">
									<conditions>
										<condition number="0" type="jump" coverage="50%"/>
									</conditions>
								</line>
								<line number="332" hits="0" branch="false"/>
								<line number="333" hits="0" branch="false"/>
								<line number="337" hits="4" branch="true" condition-coverage="50% (1/2)">
									<conditions>
										<condition number="0" type="jump" coverage="50%"/>
									</conditions>
								</line>
								<line number="340" hits="0" branch="false"/>
								<line number="344" hits="4" branch="true" condition-coverage="50% (2/4)">
									<conditions>
										<condition number="0" type="jump" coverage="50%"/>
										<condition number="1" type="jump" coverage="50%"/>
									</conditions>
								</line>
								<line number="346" hits="0" branch="false"/>
								<line number="350" hits="4" branch="false"/>
								<line number="353" hits="4" branch="false"/>
								<line number="357" hits="4" branch="false"/>
								<line number="358" hits="4" branch="false"/>
								<line number="359" hits="4" branch="false"/>
								<line number="360" hits="4" branch="false"/>
								<line number="361" hits="4" branch="false"/>
								<line number="362" hits="4" branch="false"/>
								<line number="364" hits="4" branch="false"/>
								<line number="371" hits="4" branch="false"/>
								<line number="375" hits="4" branch="true" condition-coverage="83% (5/6)">
									<conditions>
										<condition number="0" type="jump" coverage="100%"/>
										<condition number="1" type="jump" coverage="100%"/>
										<condition number="2" type="jump" coverage="50%"/>
									</conditions>
								</line>
								<line number="376" hits="1" branch="false"/>
								<line number="378" hits="1" branch="false"/>
								<line number="380" hits="3" branch="true" condition-coverage="66% (4/6)">
									<conditions>
										<condition number="0" type="jump" coverage="100%"/>
										<condition number="1" type="jump" coverage="50%"/>
										<condition number="2" type="jump" coverage="50%"/>
									</conditions>
								</line>
								<line number="381" hits="1" branch="false"/>
								<line number="383" hits="1" branch="false"/>
								<line number="385" hits="2" branch="true" condition-coverage="75% (3/4)">
									<conditions>
										<condition number="0" type="jump" coverage="50%"/>
										<condition number="1" type="jump" coverage="100%"/>
									</conditions>
								</line>
								<line number="386" hits="1" branch="false"/>
								<line number="388" hits="1" branch="false"/>
								<line number="390" hits="1" branch="true" condition-coverage="50% (2/4)">
									<conditions>
										<condition number="0" type="jump" coverage="50%"/>
										<condition number="1" type="jump" coverage="50%"/>
									</conditions>
								</line>
								<line number="391" hits="1" branch="false"/>
								<line number="393" hits="1" branch="false"/>
								<line number="396" hits="1" branch="true" condition-coverage="50% (1/2)">
									<conditions>
										<condition number="0" type="jump" coverage="50%"/>
									</conditions>
								</line>
								<line number="399" hits="1" branch="false"/>
								<line number="400" hits="1" branch="false"/>
								<line number="405" hits="0" branch="false"/>
								<line number="408" hits="1" branch="false"/>
								<line number="409" hits="0" branch="false"/>
								<line number="411" hits="4" branch="false"/>
							</lines>
						</method>
						<method name="sparqlCreateGraph" signature="(Ljava/lang/String;)Ljava/lang/String;" line-rate="0.0" branch-rate="0.0">
							<lines>
								<line number="213" hits="0" branch="false"/>
								<line number="215" hits="0" branch="false"/>
								<line number="216" hits="0" branch="false"/>
								<line number="217" hits="0" branch="false"/>
								<line number="218" hits="0" branch="true" condition-coverage="0% (0/2)">
									<conditions>
										<condition number="0" type="jump" coverage="0%"/>
									</conditions>
								</line>
								<line number="219" hits="0" branch="false"/>
								<line number="220" hits="0" branch="false"/>
								<line number="224" hits="0" branch="false"/>
								<line number="226" hits="0" branch="false"/>
								<line number="227" hits="0" branch="true" condition-coverage="0% (0/2)">
									<conditions>
										<condition number="0" type="jump" coverage="0%"/>
									</conditions>
								</line>
								<line number="229" hits="0" branch="false"/>
								<line number="231" hits="0" branch="false"/>
								<line number="232" hits="0" branch="true" condition-coverage="0% (0/2)">
									<conditions>
										<condition number="0" type="jump" coverage="0%"/>
									</conditions>
								</line>
								<line number="233" hits="0" branch="false"/>
								<line number="235" hits="0" branch="false"/>
							</lines>
						</method>
						<method name="sparqlDropGraph" signature="(Ljava/lang/String;)V" line-rate="0.0" branch-rate="0.0">
							<lines>
								<line number="239" hits="0" branch="false"/>
								<line number="241" hits="0" branch="false"/>
								<line number="242" hits="0" branch="false"/>
								<line number="243" hits="0" branch="true" condition-coverage="0% (0/2)">
									<conditions>
										<condition number="0" type="jump" coverage="0%"/>
									</conditions>
								</line>
								<line number="244" hits="0" branch="false"/>
								<line number="245" hits="0" branch="false"/>
								<line number="246" hits="0" branch="false"/>
								<line number="247" hits="0" branch="false"/>
								<line number="248" hits="0" branch="false"/>
								<line number="249" hits="0" branch="true" condition-coverage="0% (0/2)">
									<conditions>
										<condition number="0" type="jump" coverage="0%"/>
									</conditions>
								</line>
								<line number="250" hits="0" branch="false"/>
								<line number="252" hits="0" branch="false"/>
							</lines>
						</method>
						<method name="sparqlMerge" signature="(Lde/tud/plt/r43ples/management/R43plesMergeCommit;)Lde/tud/plt/r43ples/merging/MergeResult;" line-rate="0.8571428571428571" branch-rate="0.8333333333333334">
							<lines>
								<line number="282" hits="9" branch="true" condition-coverage="100% (2/2)">
									<conditions>
										<condition number="0" type="jump" coverage="100%"/>
									</conditions>
								</line>
								<line number="283" hits="4" branch="false"/>
								<line number="284" hits="5" branch="true" condition-coverage="100% (2/2)">
									<conditions>
										<condition number="0" type="jump" coverage="100%"/>
									</conditions>
								</line>
								<line number="285" hits="4" branch="false"/>
								<line number="286" hits="1" branch="true" condition-coverage="50% (1/2)">
									<conditions>
										<condition number="0" type="jump" coverage="50%"/>
									</conditions>
								</line>
								<line number="287" hits="1" branch="false"/>
								<line number="289" hits="0" branch="false"/>
							</lines>
						</method>
						<method name="sparqlSelectConstructAsk" signature="(Lde/tud/plt/r43ples/management/R43plesRequest;Z)Ljava/lang/String;" line-rate="1.0" branch-rate="1.0">
							<lines>
								<line number="41" hits="64" branch="true" condition-coverage="100% (2/2)">
									<conditions>
										<condition number="0" type="jump" coverage="100%"/>
									</conditions>
								</line>
								<line number="42" hits="15" branch="false"/>
								<line number="43" hits="15" branch="false"/>
								<line number="45" hits="15" branch="false"/>
								<line number="46" hits="49" branch="false"/>
								<line number="48" hits="64" branch="false"/>
							</lines>
						</method>
						<method name="sparqlTagOrBranch" signature="(Lde/tud/plt/r43ples/management/R43plesCommit;)V" line-rate="0.8888888888888888" branch-rate="0.75">
							<lines>
								<line number="256" hits="76" branch="false"/>
								<line number="259" hits="76" branch="false"/>
								<line number="261" hits="76" branch="false"/>
								<line number="262" hits="152" branch="true" condition-coverage="100% (2/2)">
									<conditions>
										<condition number="0" type="jump" coverage="100%"/>
									</conditions>
								</line>
								<line number="263" hits="76" branch="false"/>
								<line number="264" hits="76" branch="false"/>
								<line number="265" hits="76" branch="false"/>
								<line number="266" hits="76" branch="false"/>
								<line number="267" hits="76" branch="false"/>
								<line number="268" hits="76" branch="true" condition-coverage="100% (2/2)">
									<conditions>
										<condition number="0" type="jump" coverage="100%"/>
									</conditions>
								</line>
								<line number="269" hits="1" branch="false"/>
								<line number="270" hits="75" branch="true" condition-coverage="50% (1/2)">
									<conditions>
										<condition number="0" type="jump" coverage="50%"/>
									</conditions>
								</line>
								<line number="271" hits="75" branch="false"/>
								<line number="273" hits="0" branch="false"/>
								<line number="275" hits="76" branch="false"/>
								<line number="276" hits="76" branch="true" condition-coverage="50% (1/2)">
									<conditions>
										<condition number="0" type="jump" coverage="50%"/>
									</conditions>
								</line>
								<line number="277" hits="0" branch="false"/>
								<line number="279" hits="76" branch="false"/>
							</lines>
						</method>
						<method name="sparqlUpdate" signature="(Lde/tud/plt/r43ples/management/R43plesCommit;)V" line-rate="0.967741935483871" branch-rate="0.8461538461538461">
							<lines>
								<line number="113" hits="62" branch="false"/>
								<line number="115" hits="62" branch="false"/>
								<line number="117" hits="62" branch="false"/>
								<line number="119" hits="62" branch="false"/>
								<line number="122" hits="62" branch="false"/>
								<line number="127" hits="62" branch="false"/>
								<line number="128" hits="62" branch="true" condition-coverage="50% (1/2)">
									<conditions>
										<condition number="0" type="jump" coverage="50%"/>
									</conditions>
								</line>
								<line number="129" hits="62" branch="false"/>
								<line number="130" hits="62" branch="true" condition-coverage="100% (2/2)">
									<conditions>
										<condition number="0" type="jump" coverage="100%"/>
									</conditions>
								</line>
								<line number="131" hits="54" branch="false"/>
								<line number="133" hits="8" branch="false"/>
								<line number="135" hits="0" branch="false"/>
								<line number="140" hits="62" branch="false"/>
								<line number="141" hits="62" branch="false"/>
								<line number="142" hits="155" branch="true" condition-coverage="100% (2/2)">
									<conditions>
										<condition number="0" type="jump" coverage="100%"/>
									</conditions>
								</line>
								<line number="143" hits="93" branch="false"/>
								<line number="144" hits="93" branch="false"/>
								<line number="146" hits="93" branch="false"/>
								<line number="147" hits="186" branch="true" condition-coverage="100% (2/2)">
									<conditions>
										<condition number="0" type="jump" coverage="100%"/>
									</conditions>
								</line>
								<line number="148" hits="93" branch="false"/>
								<line number="149" hits="93" branch="false"/>
								<line number="151" hits="93" branch="false"/>
								<line number="152" hits="93" branch="true" condition-coverage="50% (1/2)">
									<conditions>
										<condition number="0" type="jump" coverage="50%"/>
									</conditions>
								</line>
								<line number="153" hits="0" branch="false"/>
								<line number="155" hits="93" branch="false"/>
								<line number="156" hits="93" branch="true" condition-coverage="100% (2/2)">
									<conditions>
										<condition number="0" type="jump" coverage="100%"/>
									</conditions>
								</line>
								<line number="157" hits="31" branch="true" condition-coverage="50% (1/2)">
									<conditions>
										<condition number="0" type="jump" coverage="50%"/>
									</conditions>
								</line>
								<line number="158" hits="31" branch="false"/>
								<line number="159" hits="31" branch="false"/>
								<line number="160" hits="93" branch="true" condition-coverage="100% (2/2)">
									<conditions>
										<condition number="0" type="jump" coverage="100%"/>
									</conditions>
								</line>
								<line number="161" hits="62" branch="false"/>
								<line number="162" hits="62" branch="false"/>
								<line number="164" hits="93" branch="false"/>
								<line number="166" hits="93" branch="true" condition-coverage="100% (2/2)">
									<conditions>
										<condition number="0" type="jump" coverage="100%"/>
									</conditions>
								</line>
								<line number="167" hits="48" branch="false"/>
								<line number="168" hits="45" branch="true" condition-coverage="50% (1/2)">
									<conditions>
										<condition number="0" type="jump" coverage="50%"/>
									</conditions>
								</line>
								<line number="169" hits="45" branch="false"/>
								<line number="171" hits="93" branch="false"/>
								<line number="172" hits="93" branch="false"/>
								<line number="173" hits="62" branch="false"/>
								<line number="176" hits="62" branch="false"/>
								<line number="177" hits="62" branch="true" condition-coverage="100% (2/2)">
									<conditions>
										<condition number="0" type="jump" coverage="100%"/>
									</conditions>
								</line>
								<line number="178" hits="8" branch="false"/>
								<line number="179" hits="8" branch="false"/>
								<line number="181" hits="8" branch="false"/>
								<line number="182" hits="16" branch="true" condition-coverage="100% (2/2)">
									<conditions>
										<condition number="0" type="jump" coverage="100%"/>
									</conditions>
								</line>
								<line number="183" hits="8" branch="false"/>
								<line number="184" hits="8" branch="false"/>
								<line number="187" hits="8" branch="false"/>
								<line number="188" hits="8" branch="false"/>
								<line number="189" hits="8" branch="false"/>
								<line number="190" hits="8" branch="false"/>
								<line number="191" hits="8" branch="false"/>
								<line number="192" hits="8" branch="false"/>
								<line number="195" hits="62" branch="false"/>
								<line number="199" hits="62" branch="false"/>
								<line number="200" hits="62" branch="false"/>
								<line number="203" hits="62" branch="false"/>
								<line number="207" hits="62" branch="true" condition-coverage="100% (2/2)">
									<conditions>
										<condition number="0" type="jump" coverage="100%"/>
									</conditions>
								</line>
								<line number="208" hits="62" branch="false"/>
								<line number="209" hits="62" branch="false"/>
								<line number="210" hits="62" branch="false"/>
							</lines>
						</method>
					</methods>
					<lines>
						<line number="20" hits="0" branch="false"/>
						<line number="23" hits="1" branch="false"/>
						<line number="41" hits="64" branch="true" condition-coverage="100% (2/2)">
							<conditions>
								<condition number="0" type="jump" coverage="100%"/>
							</conditions>
						</line>
						<line number="42" hits="15" branch="false"/>
						<line number="43" hits="15" branch="false"/>
						<line number="45" hits="15" branch="false"/>
						<line number="46" hits="49" branch="false"/>
						<line number="48" hits="64" branch="false"/>
						<line number="59" hits="49" branch="false"/>
						<line number="63" hits="49" branch="false"/>
						<line number="65" hits="49" branch="false"/>
						<line number="66" hits="102" branch="true" condition-coverage="100% (2/2)">
							<conditions>
								<condition number="0" type="jump" coverage="100%"/>
							</conditions>
						</line>
						<line number="67" hits="53" branch="false"/>
						<line number="68" hits="53" branch="false"/>
						<line number="69" hits="53" branch="false"/>
						<line number="72" hits="53" branch="false"/>
						<line number="75" hits="53" branch="true" condition-coverage="50% (1/2)">
							<conditions>
								<condition number="0" type="jump" coverage="50%"/>
							</conditions>
						</line>
						<line number="76" hits="0" branch="false"/>
						<line number="78" hits="53" branch="true" condition-coverage="100% (2/2)">
							<conditions>
								<condition number="0" type="jump" coverage="100%"/>
							</conditions>
						</line>
						<line number="81" hits="10" branch="false"/>
						<line number="83" hits="43" branch="true" condition-coverage="100% (2/2)">
							<conditions>
								<condition number="0" type="jump" coverage="100%"/>
							</conditions>
						</line>
						<line number="84" hits="27" branch="false"/>
						<line number="88" hits="16" branch="false"/>
						<line number="89" hits="16" branch="false"/>
						<line number="93" hits="53" branch="false"/>
						<line number="94" hits="53" branch="false"/>
						<line number="96" hits="53" branch="false"/>
						<line number="97" hits="49" branch="false"/>
						<line number="99" hits="49" branch="false"/>
						<line number="113" hits="62" branch="false"/>
						<line number="115" hits="62" branch="false"/>
						<line number="117" hits="62" branch="false"/>
						<line number="119" hits="62" branch="false"/>
						<line number="122" hits="62" branch="false"/>
						<line number="127" hits="62" branch="false"/>
						<line number="128" hits="62" branch="true" condition-coverage="50% (1/2)">
							<conditions>
								<condition number="0" type="jump" coverage="50%"/>
							</conditions>
						</line>
						<line number="129" hits="62" branch="false"/>
						<line number="130" hits="62" branch="true" condition-coverage="100% (2/2)">
							<conditions>
								<condition number="0" type="jump" coverage="100%"/>
							</conditions>
						</line>
						<line number="131" hits="54" branch="false"/>
						<line number="133" hits="8" branch="false"/>
						<line number="135" hits="0" branch="false"/>
						<line number="140" hits="62" branch="false"/>
						<line number="141" hits="62" branch="false"/>
						<line number="142" hits="155" branch="true" condition-coverage="100% (2/2)">
							<conditions>
								<condition number="0" type="jump" coverage="100%"/>
							</conditions>
						</line>
						<line number="143" hits="93" branch="false"/>
						<line number="144" hits="93" branch="false"/>
						<line number="146" hits="93" branch="false"/>
						<line number="147" hits="186" branch="true" condition-coverage="100% (2/2)">
							<conditions>
								<condition number="0" type="jump" coverage="100%"/>
							</conditions>
						</line>
						<line number="148" hits="93" branch="false"/>
						<line number="149" hits="93" branch="false"/>
						<line number="151" hits="93" branch="false"/>
						<line number="152" hits="93" branch="true" condition-coverage="50% (1/2)">
							<conditions>
								<condition number="0" type="jump" coverage="50%"/>
							</conditions>
						</line>
						<line number="153" hits="0" branch="false"/>
						<line number="155" hits="93" branch="false"/>
						<line number="156" hits="93" branch="true" condition-coverage="100% (2/2)">
							<conditions>
								<condition number="0" type="jump" coverage="100%"/>
							</conditions>
						</line>
						<line number="157" hits="31" branch="true" condition-coverage="50% (1/2)">
							<conditions>
								<condition number="0" type="jump" coverage="50%"/>
							</conditions>
						</line>
						<line number="158" hits="31" branch="false"/>
						<line number="159" hits="31" branch="false"/>
						<line number="160" hits="93" branch="true" condition-coverage="100% (2/2)">
							<conditions>
								<condition number="0" type="jump" coverage="100%"/>
							</conditions>
						</line>
						<line number="161" hits="62" branch="false"/>
						<line number="162" hits="62" branch="false"/>
						<line number="164" hits="93" branch="false"/>
						<line number="166" hits="93" branch="true" condition-coverage="100% (2/2)">
							<conditions>
								<condition number="0" type="jump" coverage="100%"/>
							</conditions>
						</line>
						<line number="167" hits="48" branch="false"/>
						<line number="168" hits="45" branch="true" condition-coverage="50% (1/2)">
							<conditions>
								<condition number="0" type="jump" coverage="50%"/>
							</conditions>
						</line>
						<line number="169" hits="45" branch="false"/>
						<line number="171" hits="93" branch="false"/>
						<line number="172" hits="93" branch="false"/>
						<line number="173" hits="62" branch="false"/>
						<line number="176" hits="62" branch="false"/>
						<line number="177" hits="62" branch="true" condition-coverage="100% (2/2)">
							<conditions>
								<condition number="0" type="jump" coverage="100%"/>
							</conditions>
						</line>
						<line number="178" hits="8" branch="false"/>
						<line number="179" hits="8" branch="false"/>
						<line number="181" hits="8" branch="false"/>
						<line number="182" hits="16" branch="true" condition-coverage="100% (2/2)">
							<conditions>
								<condition number="0" type="jump" coverage="100%"/>
							</conditions>
						</line>
						<line number="183" hits="8" branch="false"/>
						<line number="184" hits="8" branch="false"/>
						<line number="187" hits="8" branch="false"/>
						<line number="188" hits="8" branch="false"/>
						<line number="189" hits="8" branch="false"/>
						<line number="190" hits="8" branch="false"/>
						<line number="191" hits="8" branch="false"/>
						<line number="192" hits="8" branch="false"/>
						<line number="195" hits="62" branch="false"/>
						<line number="199" hits="62" branch="false"/>
						<line number="200" hits="62" branch="false"/>
						<line number="203" hits="62" branch="false"/>
						<line number="207" hits="62" branch="true" condition-coverage="100% (2/2)">
							<conditions>
								<condition number="0" type="jump" coverage="100%"/>
							</conditions>
						</line>
						<line number="208" hits="62" branch="false"/>
						<line number="209" hits="62" branch="false"/>
						<line number="210" hits="62" branch="false"/>
						<line number="213" hits="0" branch="false"/>
						<line number="215" hits="0" branch="false"/>
						<line number="216" hits="0" branch="false"/>
						<line number="217" hits="0" branch="false"/>
						<line number="218" hits="0" branch="true" condition-coverage="0% (0/2)">
							<conditions>
								<condition number="0" type="jump" coverage="0%"/>
							</conditions>
						</line>
						<line number="219" hits="0" branch="false"/>
						<line number="220" hits="0" branch="false"/>
						<line number="224" hits="0" branch="false"/>
						<line number="226" hits="0" branch="false"/>
						<line number="227" hits="0" branch="true" condition-coverage="0% (0/2)">
							<conditions>
								<condition number="0" type="jump" coverage="0%"/>
							</conditions>
						</line>
						<line number="229" hits="0" branch="false"/>
						<line number="231" hits="0" branch="false"/>
						<line number="232" hits="0" branch="true" condition-coverage="0% (0/2)">
							<conditions>
								<condition number="0" type="jump" coverage="0%"/>
							</conditions>
						</line>
						<line number="233" hits="0" branch="false"/>
						<line number="235" hits="0" branch="false"/>
						<line number="239" hits="0" branch="false"/>
						<line number="241" hits="0" branch="false"/>
						<line number="242" hits="0" branch="false"/>
						<line number="243" hits="0" branch="true" condition-coverage="0% (0/2)">
							<conditions>
								<condition number="0" type="jump" coverage="0%"/>
							</conditions>
						</line>
						<line number="244" hits="0" branch="false"/>
						<line number="245" hits="0" branch="false"/>
						<line number="246" hits="0" branch="false"/>
						<line number="247" hits="0" branch="false"/>
						<line number="248" hits="0" branch="false"/>
						<line number="249" hits="0" branch="true" condition-coverage="0% (0/2)">
							<conditions>
								<condition number="0" type="jump" coverage="0%"/>
							</conditions>
						</line>
						<line number="250" hits="0" branch="false"/>
						<line number="252" hits="0" branch="false"/>
						<line number="256" hits="76" branch="false"/>
						<line number="259" hits="76" branch="false"/>
						<line number="261" hits="76" branch="false"/>
						<line number="262" hits="152" branch="true" condition-coverage="100% (2/2)">
							<conditions>
								<condition number="0" type="jump" coverage="100%"/>
							</conditions>
						</line>
						<line number="263" hits="76" branch="false"/>
						<line number="264" hits="76" branch="false"/>
						<line number="265" hits="76" branch="false"/>
						<line number="266" hits="76" branch="false"/>
						<line number="267" hits="76" branch="false"/>
						<line number="268" hits="76" branch="true" condition-coverage="100% (2/2)">
							<conditions>
								<condition number="0" type="jump" coverage="100%"/>
							</conditions>
						</line>
						<line number="269" hits="1" branch="false"/>
						<line number="270" hits="75" branch="true" condition-coverage="50% (1/2)">
							<conditions>
								<condition number="0" type="jump" coverage="50%"/>
							</conditions>
						</line>
						<line number="271" hits="75" branch="false"/>
						<line number="273" hits="0" branch="false"/>
						<line number="275" hits="76" branch="false"/>
						<line number="276" hits="76" branch="true" condition-coverage="50% (1/2)">
							<conditions>
								<condition number="0" type="jump" coverage="50%"/>
							</conditions>
						</line>
						<line number="277" hits="0" branch="false"/>
						<line number="279" hits="76" branch="false"/>
						<line number="282" hits="9" branch="true" condition-coverage="100% (2/2)">
							<conditions>
								<condition number="0" type="jump" coverage="100%"/>
							</conditions>
						</line>
						<line number="283" hits="4" branch="false"/>
						<line number="284" hits="5" branch="true" condition-coverage="100% (2/2)">
							<conditions>
								<condition number="0" type="jump" coverage="100%"/>
							</conditions>
						</line>
						<line number="285" hits="4" branch="false"/>
						<line number="286" hits="1" branch="true" condition-coverage="50% (1/2)">
							<conditions>
								<condition number="0" type="jump" coverage="50%"/>
							</conditions>
						</line>
						<line number="287" hits="1" branch="false"/>
						<line number="289" hits="0" branch="false"/>
						<line number="299" hits="1" branch="false"/>
						<line number="300" hits="1" branch="false"/>
						<line number="301" hits="1" branch="true" condition-coverage="50% (1/2)">
							<conditions>
								<condition number="0" type="jump" coverage="50%"/>
							</conditions>
						</line>
						<line number="304" hits="1" branch="false"/>
						<line number="324" hits="4" branch="false"/>
						<line number="325" hits="4" branch="false"/>
						<line number="326" hits="4" branch="false"/>
						<line number="327" hits="4" branch="false"/>
						<line number="329" hits="4" branch="false"/>
						<line number="331" hits="4" branch="true" condition-coverage="50% (1/2)">
							<conditions>
								<condition number="0" type="jump" coverage="50%"/>
							</conditions>
						</line>
						<line number="332" hits="0" branch="false"/>
						<line number="333" hits="0" branch="false"/>
						<line number="337" hits="4" branch="true" condition-coverage="50% (1/2)">
							<conditions>
								<condition number="0" type="jump" coverage="50%"/>
							</conditions>
						</line>
						<line number="340" hits="0" branch="false"/>
						<line number="344" hits="4" branch="true" condition-coverage="50% (2/4)">
							<conditions>
								<condition number="0" type="jump" coverage="50%"/>
								<condition number="1" type="jump" coverage="50%"/>
							</conditions>
						</line>
						<line number="346" hits="0" branch="false"/>
						<line number="350" hits="4" branch="false"/>
						<line number="353" hits="4" branch="false"/>
						<line number="357" hits="4" branch="false"/>
						<line number="358" hits="4" branch="false"/>
						<line number="359" hits="4" branch="false"/>
						<line number="360" hits="4" branch="false"/>
						<line number="361" hits="4" branch="false"/>
						<line number="362" hits="4" branch="false"/>
						<line number="364" hits="4" branch="false"/>
						<line number="371" hits="4" branch="false"/>
						<line number="375" hits="4" branch="true" condition-coverage="83% (5/6)">
							<conditions>
								<condition number="0" type="jump" coverage="100%"/>
								<condition number="1" type="jump" coverage="100%"/>
								<condition number="2" type="jump" coverage="50%"/>
							</conditions>
						</line>
						<line number="376" hits="1" branch="false"/>
						<line number="378" hits="1" branch="false"/>
						<line number="380" hits="3" branch="true" condition-coverage="66% (4/6)">
							<conditions>
								<condition number="0" type="jump" coverage="100%"/>
								<condition number="1" type="jump" coverage="50%"/>
								<condition number="2" type="jump" coverage="50%"/>
							</conditions>
						</line>
						<line number="381" hits="1" branch="false"/>
						<line number="383" hits="1" branch="false"/>
						<line number="385" hits="2" branch="true" condition-coverage="75% (3/4)">
							<conditions>
								<condition number="0" type="jump" coverage="50%"/>
								<condition number="1" type="jump" coverage="100%"/>
							</conditions>
						</line>
						<line number="386" hits="1" branch="false"/>
						<line number="388" hits="1" branch="false"/>
						<line number="390" hits="1" branch="true" condition-coverage="50% (2/4)">
							<conditions>
								<condition number="0" type="jump" coverage="50%"/>
								<condition number="1" type="jump" coverage="50%"/>
							</conditions>
						</line>
						<line number="391" hits="1" branch="false"/>
						<line number="393" hits="1" branch="false"/>
						<line number="396" hits="1" branch="true" condition-coverage="50% (1/2)">
							<conditions>
								<condition number="0" type="jump" coverage="50%"/>
							</conditions>
						</line>
						<line number="399" hits="1" branch="false"/>
						<line number="400" hits="1" branch="false"/>
						<line number="405" hits="0" branch="false"/>
						<line number="408" hits="1" branch="false"/>
						<line number="409" hits="0" branch="false"/>
						<line number="411" hits="4" branch="false"/>
						<line number="431" hits="4" branch="false"/>
						<line number="432" hits="4" branch="false"/>
						<line number="433" hits="4" branch="false"/>
						<line number="434" hits="4" branch="false"/>
						<line number="436" hits="4" branch="false"/>
						<line number="438" hits="4" branch="false"/>
						<line number="439" hits="4" branch="false"/>
						<line number="442" hits="4" branch="false"/>
						<line number="445" hits="4" branch="false"/>
						<line number="449" hits="4" branch="false"/>
						<line number="452" hits="4" branch="false"/>
						<line number="455" hits="4" branch="false"/>
						<line number="456" hits="4" branch="false"/>
						<line number="457" hits="4" branch="false"/>
						<line number="458" hits="4" branch="false"/>
						<line number="459" hits="4" branch="false"/>
						<line number="461" hits="4" branch="false"/>
						<line number="468" hits="4" branch="false"/>
						<line number="471" hits="4" branch="true" condition-coverage="66% (4/6)">
							<conditions>
								<condition number="0" type="jump" coverage="100%"/>
								<condition number="1" type="jump" coverage="50%"/>
								<condition number="2" type="jump" coverage="50%"/>
							</conditions>
						</line>
						<line number="472" hits="1" branch="false"/>
						<line number="474" hits="1" branch="false"/>
						<line number="476" hits="1" branch="false"/>
						<line number="477" hits="1" branch="false"/>
						<line number="479" hits="1" branch="false"/>
						<line number="480" hits="1" branch="false"/>
						<line number="482" hits="1" branch="false"/>
						<line number="483" hits="1" branch="true" condition-coverage="16% (1/6)">
							<conditions>
								<condition number="0" type="jump" coverage="50%"/>
								<condition number="1" type="jump" coverage="0%"/>
								<condition number="2" type="jump" coverage="0%"/>
							</conditions>
						</line>
						<line number="484" hits="0" branch="false"/>
						<line number="486" hits="0" branch="false"/>
						<line number="488" hits="0" branch="false"/>
						<line number="489" hits="0" branch="false"/>
						<line number="491" hits="0" branch="false"/>
						<line number="492" hits="0" branch="false"/>
						<line number="494" hits="0" branch="false"/>
						<line number="495" hits="0" branch="true" condition-coverage="75% (3/4)">
							<conditions>
								<condition number="0" type="jump" coverage="50%"/>
								<condition number="1" type="jump" coverage="100%"/>
							</conditions>
						</line>
						<line number="496" hits="1" branch="false"/>
						<line number="498" hits="1" branch="false"/>
						<line number="500" hits="1" branch="false"/>
						<line number="501" hits="1" branch="false"/>
						<line number="503" hits="1" branch="false"/>
						<line number="504" hits="1" branch="false"/>
						<line number="507" hits="1" branch="false"/>
						<line number="508" hits="1" branch="true" condition-coverage="50% (2/4)">
							<conditions>
								<condition number="0" type="jump" coverage="50%"/>
								<condition number="1" type="jump" coverage="50%"/>
							</conditions>
						</line>
						<line number="509" hits="2" branch="false"/>
						<line number="511" hits="2" branch="false"/>
						<line number="514" hits="2" branch="true" condition-coverage="100% (2/2)">
							<conditions>
								<condition number="0" type="jump" coverage="100%"/>
							</conditions>
						</line>
						<line number="515" hits="1" branch="false"/>
						<line number="517" hits="1" branch="false"/>
						<line number="519" hits="2" branch="false"/>
						<line number="521" hits="2" branch="false"/>
						<line number="522" hits="0" branch="false"/>
						<line number="525" hits="4" branch="false"/>
					</lines>
				</class>
				<class name="de.tud.plt.r43ples.management.JenaModelManagement" filename="de/tud/plt/r43ples/management/JenaModelManagement.java" line-rate="0.7333333333333333" branch-rate="1.0" complexity="2.0">
					<methods>
						<method name="&lt;init&gt;" signature="()V" line-rate="0.0" branch-rate="1.0">
							<lines>
								<line number="15" hits="0" branch="false"/>
							</lines>
						</method>
[...]
								<line number="80" hits="0" branch="true" condition-coverage="0% (0/2)">
									<conditions>
										<condition number="0" type="jump" coverage="0%"/>
									</conditions>
								</line>
								<line number="81" hits="0" branch="false"/>
								<line number="82" hits="0" branch="true" condition-coverage="0% (0/2)">
									<conditions>
										<condition number="0" type="jump" coverage="0%"/>
									</conditions>
								</line>
								<line number="83" hits="0" branch="false"/>
								<line number="84" hits="0" branch="true" condition-coverage="0% (0/2)">
									<conditions>
										<condition number="0" type="jump" coverage="0%"/>
									</conditions>
								</line>
								<line number="85" hits="0" branch="false"/>
								<line number="87" hits="0" branch="false"/>
								<line number="88" hits="0" branch="false"/>
								<line number="91" hits="0" branch="true" condition-coverage="0% (0/2)">
									<conditions>
										<condition number="0" type="jump" coverage="0%"/>
									</conditions>
								</line>
								<line number="92" hits="0" branch="false"/>
								<line number="94" hits="0" branch="false"/>
								<line number="96" hits="0" branch="true" condition-coverage="0% (0/2)">
									<conditions>
										<condition number="0" type="jump" coverage="0%"/>
									</conditions>
								</line>
								<line number="97" hits="0" branch="false"/>
								<line number="98" hits="0" branch="false"/>
								<line number="99" hits="0" branch="false"/>
								<line number="102" hits="0" branch="false"/>
								<line number="106" hits="0" branch="true" condition-coverage="0% (0/2)">
									<conditions>
										<condition number="0" type="jump" coverage="0%"/>
									</conditions>
								</line>
								<line number="114" hits="0" branch="true" condition-coverage="0% (0/2)">
									<conditions>
										<condition number="0" type="jump" coverage="0%"/>
									</conditions>
								</line>
								<line number="115" hits="0" branch="false"/>
								<line number="116" hits="0" branch="false"/>
								<line number="117" hits="0" branch="false"/>
								<line number="118" hits="0" branch="true" condition-coverage="0% (0/4)">
									<conditions>
										<condition number="0" type="jump" coverage="0%"/>
										<condition number="1" type="jump" coverage="0%"/>
									</conditions>
								</line>
								<line number="119" hits="0" branch="false"/>
								<line number="120" hits="0" branch="false"/>
								<line number="122" hits="0" branch="false"/>
								<line number="137" hits="0" branch="false"/>
								<line number="141" hits="0" branch="false"/>
								<line number="142" hits="0" branch="false"/>
								<line number="143" hits="0" branch="false"/>
								<line number="145" hits="0" branch="true" condition-coverage="0% (0/2)">
									<conditions>
										<condition number="0" type="jump" coverage="0%"/>
									</conditions>
								</line>
								<line number="146" hits="0" branch="false"/>
								<line number="147" hits="0" branch="false"/>
								<line number="149" hits="0" branch="false"/>
								<line number="151" hits="0" branch="false"/>
								<line number="152" hits="0" branch="false"/>
								<line number="153" hits="0" branch="false"/>
							</lines>
						</method>
					</methods>
					<lines>
						<line number="34" hits="1" branch="false"/>
						<line number="36" hits="1" branch="false"/>
						<line number="43" hits="1" branch="false"/>
						<line number="45" hits="1" branch="false"/>
						<line number="46" hits="1" branch="false"/>
						<line number="47" hits="1" branch="false"/>
						<line number="48" hits="1" branch="false"/>
						<line number="50" hits="1" branch="false"/>
						<line number="51" hits="1" branch="false"/>
						<line number="52" hits="1" branch="false"/>
						<line number="53" hits="1" branch="false"/>
						<line number="54" hits="1" branch="false"/>
						<line number="76" hits="0" branch="true" condition-coverage="0% (0/2)">
							<conditions>
								<condition number="0" type="jump" coverage="0%"/>
							</conditions>
						</line>
						<line number="77" hits="0" branch="false"/>
						<line number="78" hits="0" branch="true" condition-coverage="0% (0/4)">
							<conditions>
								<condition number="0" type="jump" coverage="0%"/>
								<condition number="1" type="jump" coverage="0%"/>
							</conditions>
						</line>
						<line number="79" hits="0" branch="false"/>
						<line number="80" hits="0" branch="true" condition-coverage="0% (0/2)">
							<conditions>
								<condition number="0" type="jump" coverage="0%"/>
							</conditions>
						</line>
						<line number="81" hits="0" branch="false"/>
						<line number="82" hits="0" branch="true" condition-coverage="0% (0/2)">
							<conditions>
								<condition number="0" type="jump" coverage="0%"/>
							</conditions>
						</line>
						<line number="83" hits="0" branch="false"/>
						<line number="84" hits="0" branch="true" condition-coverage="0% (0/2)">
							<conditions>
								<condition number="0" type="jump" coverage="0%"/>
							</conditions>
						</line>
						<line number="85" hits="0" branch="false"/>
						<line number="87" hits="0" branch="false"/>
						<line number="88" hits="0" branch="false"/>
						<line number="91" hits="0" branch="true" condition-coverage="0% (0/2)">
							<conditions>
								<condition number="0" type="jump" coverage="0%"/>
							</conditions>
						</line>
						<line number="92" hits="0" branch="false"/>
						<line number="94" hits="0" branch="false"/>
						<line number="96" hits="0" branch="true" condition-coverage="0% (0/2)">
							<conditions>
								<condition number="0" type="jump" coverage="0%"/>
							</conditions>
						</line>
						<line number="97" hits="0" branch="false"/>
						<line number="98" hits="0" branch="false"/>
						<line number="99" hits="0" branch="false"/>
						<line number="102" hits="0" branch="false"/>
						<line number="106" hits="0" branch="true" condition-coverage="0% (0/2)">
							<conditions>
								<condition number="0" type="jump" coverage="0%"/>
							</conditions>
						</line>
						<line number="114" hits="0" branch="true" condition-coverage="0% (0/2)">
							<conditions>
								<condition number="0" type="jump" coverage="0%"/>
							</conditions>
						</line>
						<line number="115" hits="0" branch="false"/>
						<line number="116" hits="0" branch="false"/>
						<line number="117" hits="0" branch="false"/>
						<line number="118" hits="0" branch="true" condition-coverage="0% (0/4)">
							<conditions>
								<condition number="0" type="jump" coverage="0%"/>
								<condition number="1" type="jump" coverage="0%"/>
							</conditions>
						</line>
						<line number="119" hits="0" branch="false"/>
						<line number="120" hits="0" branch="false"/>
						<line number="122" hits="0" branch="false"/>
						<line number="137" hits="0" branch="false"/>
						<line number="141" hits="0" branch="false"/>
						<line number="142" hits="0" branch="false"/>
						<line number="143" hits="0" branch="false"/>
						<line number="145" hits="0" branch="true" condition-coverage="0% (0/2)">
							<conditions>
								<condition number="0" type="jump" coverage="0%"/>
							</conditions>
						</line>
						<line number="146" hits="0" branch="false"/>
						<line number="147" hits="0" branch="false"/>
						<line number="149" hits="0" branch="false"/>
						<line number="151" hits="0" branch="false"/>
						<line number="152" hits="0" branch="false"/>
						<line number="153" hits="0" branch="false"/>
					</lines>
				</class>
				<class name="de.tud.plt.r43ples.webservice.Misc" filename="de/tud/plt/r43ples/webservice/Misc.java" line-rate="0.9152542372881356" branch-rate="0.95" complexity="4.333333333333333">
					<methods>
						<method name="&lt;clinit&gt;" signature="()V" line-rate="1.0" branch-rate="1.0">
							<lines>
								<line number="35" hits="1" branch="false"/>
							</lines>
						</method>
						<method name="&lt;init&gt;" signature="()V" line-rate="1.0" branch-rate="1.0">
							<lines>
								<line number="33" hits="24" branch="false"/>
							</lines>
						</method>
						<method name="createSampleDataset" signature="(Ljava/lang/String;)Ljavax/ws/rs/core/Response;" line-rate="1.0" branch-rate="1.0">
							<lines>
								<line number="83" hits="11" branch="false"/>
								<line number="85" hits="11" branch="true" condition-coverage="100% (4/4)">
									<conditions>
										<condition number="0" type="jump" coverage="100%"/>
										<condition number="1" type="jump" coverage="100%"/>
									</conditions>
								</line>
								<line number="86" hits="2" branch="false"/>
								<line number="88" hits="11" branch="true" condition-coverage="100% (4/4)">
									<conditions>
										<condition number="0" type="jump" coverage="100%"/>
										<condition number="1" type="jump" coverage="100%"/>
									</conditions>
								</line>
								<line number="89" hits="2" branch="false"/>
								<line number="91" hits="11" branch="true" condition-coverage="100% (4/4)">
									<conditions>
										<condition number="0" type="jump" coverage="100%"/>
										<condition number="1" type="jump" coverage="100%"/>
									</conditions>
								</line>
								<line number="92" hits="2" branch="false"/>
								<line number="94" hits="11" branch="true" condition-coverage="100% (4/4)">
									<conditions>
										<condition number="0" type="jump" coverage="100%"/>
										<condition number="1" type="jump" coverage="100%"/>
									</conditions>
								</line>
								<line number="95" hits="2" branch="false"/>
								<line number="97" hits="11" branch="true" condition-coverage="100% (4/4)">
									<conditions>
										<condition number="0" type="jump" coverage="100%"/>
										<condition number="1" type="jump" coverage="100%"/>
									</conditions>
								</line>
								<line number="98" hits="2" branch="false"/>
								<line number="100" hits="11" branch="true" condition-coverage="100% (4/4)">
									<conditions>
										<condition number="0" type="jump" coverage="100%"/>
										<condition number="1" type="jump" coverage="100%"/>
									</conditions>
								</line>
								<line number="101" hits="2" branch="false"/>
								<line number="103" hits="11" branch="true" condition-coverage="100% (4/4)">
									<conditions>
										<condition number="0" type="jump" coverage="100%"/>
										<condition number="1" type="jump" coverage="100%"/>
									</conditions>
								</line>
								<line number="104" hits="2" branch="false"/>
								<line number="106" hits="11" branch="true" condition-coverage="100% (4/4)">
									<conditions>
										<condition number="0" type="jump" coverage="100%"/>
										<condition number="1" type="jump" coverage="100%"/>
									</conditions>
								</line>
								<line number="107" hits="2" branch="false"/>
								<line number="109" hits="11" branch="false"/>
								<line number="110" hits="11" branch="false"/>
								<line number="112" hits="11" branch="false"/>
								<line number="113" hits="11" branch="false"/>
								<line number="114" hits="11" branch="false"/>
								<line number="115" hits="11" branch="false"/>
								<line number="116" hits="11" branch="false"/>
								<line number="117" hits="11" branch="false"/>
							</lines>
						</method>
						<method name="getContentOfGraph" signature="(Ljava/lang/String;Ljava/lang/String;Ljava/lang/String;)Ljavax/ws/rs/core/Response;" line-rate="1.0" branch-rate="0.5">
							<lines>
								<line number="164" hits="2" branch="false"/>
								<line number="165" hits="2" branch="true" condition-coverage="50% (1/2)">
									<conditions>
										<condition number="0" type="jump" coverage="50%"/>
									</conditions>
								</line>
								<line number="166" hits="2" branch="false"/>
								<line number="168" hits="2" branch="false"/>
								<line number="169" hits="2" branch="false"/>
								<line number="170" hits="2" branch="false"/>
							</lines>
						</method>
						<method name="getHelpPage" signature="()Ljava/util/Map;" line-rate="0.0" branch-rate="1.0">
							<lines>
								<line number="68" hits="0" branch="false"/>
								<line number="69" hits="0" branch="false"/>
								<line number="70" hits="0" branch="false"/>
								<line number="71" hits="0" branch="false"/>
								<line number="72" hits="0" branch="false"/>
							</lines>
						</method>
						<method name="getIndex" signature="()Ljavax/ws/rs/core/Response;" line-rate="1.0" branch-rate="1.0">
							<lines>
								<line number="60" hits="1" branch="false"/>
							</lines>
						</method>
						<method name="getLandingPage" signature="()Ljavax/ws/rs/core/Response;" line-rate="1.0" branch-rate="1.0">
							<lines>
								<line number="44" hits="2" branch="false"/>
								<line number="45" hits="2" branch="false"/>
								<line number="46" hits="2" branch="false"/>
								<line number="48" hits="2" branch="false"/>
								<line number="49" hits="2" branch="false"/>
								<line number="50" hits="2" branch="false"/>
								<line number="51" hits="2" branch="false"/>
								<line number="52" hits="2" branch="false"/>
								<line number="53" hits="2" branch="false"/>
							</lines>
						</method>
						<method name="getRevisionGraph" signature="(Ljava/lang/String;Ljava/lang/String;Ljava/lang/String;)Ljavax/ws/rs/core/Response;" line-rate="1.0" branch-rate="0.8333333333333334">
							<lines>
								<line number="135" hits="9" branch="true" condition-coverage="50% (1/2)">
									<conditions>
										<condition number="0" type="jump" coverage="50%"/>
									</conditions>
								</line>
								<line number="136" hits="9" branch="false"/>
								<line number="138" hits="9" branch="false"/>
								<line number="139" hits="9" branch="true" condition-coverage="100% (2/2)">
									<conditions>
										<condition number="0" type="jump" coverage="100%"/>
									</conditions>
								</line>
								<line number="140" hits="3" branch="false"/>
								<line number="141" hits="3" branch="false"/>
								<line number="142" hits="6" branch="true" condition-coverage="100% (2/2)">
									<conditions>
										<condition number="0" type="jump" coverage="100%"/>
									</conditions>
								</line>
								<line number="143" hits="3" branch="false"/>
								<line number="146" hits="3" branch="false"/>
								<line number="147" hits="3" branch="false"/>
								<line number="149" hits="9" branch="false"/>
							</lines>
						</method>
					</methods>
					<lines>
						<line number="33" hits="24" branch="false"/>
						<line number="35" hits="1" branch="false"/>
						<line number="44" hits="2" branch="false"/>
						<line number="45" hits="2" branch="false"/>
						<line number="46" hits="2" branch="false"/>
						<line number="48" hits="2" branch="false"/>
						<line number="49" hits="2" branch="false"/>
						<line number="50" hits="2" branch="false"/>
						<line number="51" hits="2" branch="false"/>
						<line number="52" hits="2" branch="false"/>
						<line number="53" hits="2" branch="false"/>
						<line number="60" hits="1" branch="false"/>
						<line number="68" hits="0" branch="false"/>
						<line number="69" hits="0" branch="false"/>
						<line number="70" hits="0" branch="false"/>
						<line number="71" hits="0" branch="false"/>
						<line number="72" hits="0" branch="false"/>
						<line number="83" hits="11" branch="false"/>
						<line number="85" hits="11" branch="true" condition-coverage="100% (4/4)">
							<conditions>
								<condition number="0" type="jump" coverage="100%"/>
								<condition number="1" type="jump" coverage="100%"/>
							</conditions>
						</line>
						<line number="86" hits="2" branch="false"/>
						<line number="88" hits="11" branch="true" condition-coverage="100% (4/4)">
							<conditions>
								<condition number="0" type="jump" coverage="100%"/>
								<condition number="1" type="jump" coverage="100%"/>
							</conditions>
						</line>
						<line number="89" hits="2" branch="false"/>
						<line number="91" hits="11" branch="true" condition-coverage="100% (4/4)">
							<conditions>
								<condition number="0" type="jump" coverage="100%"/>
								<condition number="1" type="jump" coverage="100%"/>
							</conditions>
						</line>
						<line number="92" hits="2" branch="false"/>
						<line number="94" hits="11" branch="true" condition-coverage="100% (4/4)">
							<conditions>
								<condition number="0" type="jump" coverage="100%"/>
								<condition number="1" type="jump" coverage="100%"/>
							</conditions>
						</line>
						<line number="95" hits="2" branch="false"/>
						<line number="97" hits="11" branch="true" condition-coverage="100% (4/4)">
							<conditions>
								<condition number="0" type="jump" coverage="100%"/>
								<condition number="1" type="jump" coverage="100%"/>
							</conditions>
						</line>
						<line number="98" hits="2" branch="false"/>
						<line number="100" hits="11" branch="true" condition-coverage="100% (4/4)">
							<conditions>
								<condition number="0" type="jump" coverage="100%"/>
								<condition number="1" type="jump" coverage="100%"/>
							</conditions>
						</line>
						<line number="101" hits="2" branch="false"/>
						<line number="103" hits="11" branch="true" condition-coverage="100% (4/4)">
							<conditions>
								<condition number="0" type="jump" coverage="100%"/>
								<condition number="1" type="jump" coverage="100%"/>
							</conditions>
						</line>
						<line number="104" hits="2" branch="false"/>
						<line number="106" hits="11" branch="true" condition-coverage="100% (4/4)">
							<conditions>
								<condition number="0" type="jump" coverage="100%"/>
								<condition number="1" type="jump" coverage="100%"/>
							</conditions>
						</line>
						<line number="107" hits="2" branch="false"/>
						<line number="109" hits="11" branch="false"/>
						<line number="110" hits="11" branch="false"/>
						<line number="112" hits="11" branch="false"/>
						<line number="113" hits="11" branch="false"/>
						<line number="114" hits="11" branch="false"/>
						<line number="115" hits="11" branch="false"/>
						<line number="116" hits="11" branch="false"/>
						<line number="117" hits="11" branch="false"/>
						<line number="135" hits="9" branch="true" condition-coverage="50% (1/2)">
							<conditions>
								<condition number="0" type="jump" coverage="50%"/>
							</conditions>
						</line>
						<line number="136" hits="9" branch="false"/>
						<line number="138" hits="9" branch="false"/>
						<line number="139" hits="9" branch="true" condition-coverage="100% (2/2)">
							<conditions>
								<condition number="0" type="jump" coverage="100%"/>
							</conditions>
						</line>
						<line number="140" hits="3" branch="false"/>
						<line number="141" hits="3" branch="false"/>
						<line number="142" hits="6" branch="true" condition-coverage="100% (2/2)">
							<conditions>
								<condition number="0" type="jump" coverage="100%"/>
							</conditions>
						</line>
						<line number="143" hits="3" branch="false"/>
						<line number="146" hits="3" branch="false"/>
						<line number="147" hits="3" branch="false"/>
						<line number="149" hits="9" branch="false"/>
						<line number="164" hits="2" branch="false"/>
						<line number="165" hits="2" branch="true" condition-coverage="50% (1/2)">
							<conditions>
								<condition number="0" type="jump" coverage="50%"/>
							</conditions>
						</line>
						<line number="166" hits="2" branch="false"/>
						<line number="168" hits="2" branch="false"/>
						<line number="169" hits="2" branch="false"/>
						<line number="170" hits="2" branch="false"/>
					</lines>
				</class>
			</classes>
		</package>
	</packages>
</coverage>
